Copyright 1986-2022 Xilinx, Inc. All Rights Reserved. Copyright 2022-2025 Advanced Micro Devices, Inc. All Rights Reserved.
-------------------------------------------------------------------------------------------------------------------------------------------------
| Tool Version     : Vivado v.2025.2 (win64) Build 6299465 Fri Nov 14 19:35:11 GMT 2025
| Date             : Sat Jun 27 23:49:16 2026
| Host             : Deepraj running 64-bit major release  (build 9200)
| Command          : report_power -file route_report_power_0.rpt -pb route_report_power_summary_0.pb -rpx route_report_power_0.rpx
| Design           : mvdrr_wrapper
| Device           : xcvc1902-vsva2197-2MP-e-S
| Design State     : routed
| Grade            : extended
| Process          : typical
| Characterization : Production
-------------------------------------------------------------------------------------------------------------------------------------------------

Power Report

Table of Contents
-----------------
1. Summary
1.1 On-Chip Components
1.2 Power Supply Summary
1.3 Confidence Level
2. Settings
2.1 Environment
2.2 Clock Constraints
3. Detailed Reports
3.1 By Hierarchy
3.2 By Clock Domain

1. Summary
----------

+--------------------------+--------------+
| Total On-Chip Power (W)  | 17.820       |
| Design Power Budget (W)  | Unspecified* |
| Power Budget Margin (W)  | NA           |
| Dynamic (W)              | 4.350        |
| Device Static (W)        | 13.470**     |
| Effective TJA (C/W)      | 4.2          |
| Max Ambient (C)          | 25.0         |
| Junction Temperature (C) | 100.0**      |
| Confidence Level         | Low          |
| Setting File             | ---          |
| Simulation Activity File | ---          |
| Design Nets Matched      | NA           |
+--------------------------+--------------+
* Specify Design Power Budget using, set_operating_conditions -design_power_budget <value in Watts>
** No environmental constraints detected, worst case junction temperature (Tj) will be used, this will not impact the dynamic power estimate but will impact the static power shown.
To more accurately reflect the environmental and thermal operating condition of the application the following constraints should be applied, to reflect the applications specifications:
   set_operating_conditions -ambient_temp 25
   set_operating_conditions -thetaja 1.0

Where Ambient Temperature is defined as degrees Celsius and Theta Ja is the effectiveness of the thermal solution described as C/W to represent the rise in junction temperature for every watt dissipated
To set the junction temperature to a specific value the following constraint should be used:
   set_operating_conditions -junction_temp 25

For the Versal architecture, a default junction temperature of 100C is assumed when no environmental conditions are set (Ta/Tj/TJA).


1.1 On-Chip Components
----------------------

+--------------------------+-----------+----------+-----------+-----------------+
| On-Chip                  | Power (W) | Used     | Available | Utilization (%) |
+--------------------------+-----------+----------+-----------+-----------------+
| Clocks                   |     0.171 |       12 |       --- |             --- |
| Logic                    |     0.114 |   102930 |       --- |             --- |
|   LUT as Logic           |     0.077 |    29275 |    899840 |            3.25 |
|   LUT as Distributed RAM |     0.019 |     3578 |    449920 |            0.80 |
|   CLE FF Register        |     0.012 |    48740 |   1799680 |            2.71 |
|   LUT as Shift Register  |     0.004 |      987 |    449920 |            0.22 |
|   LOOKAHEAD8             |    <0.001 |      604 |    112480 |            0.54 |
|   Others                 |     0.000 |     3513 |       --- |             --- |
| Signals                  |     0.273 |    92710 |       --- |             --- |
| Block RAM                |     0.033 |     34.5 |       967 |            3.57 |
| MMCM                     |     0.062 |        0 |       --- |             --- |
| XPLL                     |     0.230 |        3 |        24 |           12.50 |
| DSPs                     |     0.116 |      278 |       --- |             --- |
| I/O                      |     1.213 |      118 |       --- |             --- |
| NoC-DDRMC                |     0.821 |        2 |       --- |             --- |
|   NoC                    |     0.695 |        1 |       --- |             --- |
|   DDRMC                  |     0.126 |        1 |         4 |           25.00 |
| PS9                      |     1.317 |        1 |       --- |             --- |
| Static Power             |    13.470 |          |           |                 |
|   PS Static              |     0.230 |          |           |                 |
|   PL Static              |    13.243 |          |           |                 |
| Total                    |    17.820 |          |           |                 |
+--------------------------+-----------+----------+-----------+-----------------+


1.2 Power Supply Summary
------------------------

+--------------+-------------+-----------+-------------+------------+-------------+-------------+------------+
| Source       | Voltage (V) | Total (A) | Dynamic (A) | Static (A) | Powerup (A) | Budget (A)  | Margin (A) |
+--------------+-------------+-----------+-------------+------------+-------------+-------------+------------+
| Vccint       |       0.800 |    13.206 |       0.843 |     12.363 |       NA    | Unspecified | NA         |
| VCC_SOC      |       0.800 |     2.361 |       1.035 |      1.326 |       NA    | Unspecified | NA         |
| VCC_IO       |       0.800 |     0.906 |       0.719 |      0.187 |       NA    | Unspecified | NA         |
| VCC_RAM      |       0.800 |     0.153 |       0.075 |      0.078 |       NA    | Unspecified | NA         |
| Vccaux       |       1.500 |     2.189 |       0.259 |      1.930 |       NA    | Unspecified | NA         |
| VCCO_503     |       1.800 |     0.001 |       0.000 |      0.001 |       NA    | Unspecified | NA         |
| VCCO_500     |       1.800 |     0.069 |       0.069 |      0.000 |       NA    | Unspecified | NA         |
| VCCO_501     |       1.800 |     0.000 |       0.000 |      0.000 |       NA    | Unspecified | NA         |
| VCCO_502     |       1.800 |     0.013 |       0.012 |      0.001 |       NA    | Unspecified | NA         |
| VCC_FUSE     |       1.800 |     0.000 |       0.000 |      0.000 |       NA    | Unspecified | NA         |
| VCC_BATT     |       1.500 |     0.000 |       0.000 |      0.000 |       NA    | Unspecified | NA         |
| Vcco33       |       3.300 |     0.000 |       0.000 |      0.000 |       NA    | Unspecified | NA         |
| Vcco25       |       2.500 |     0.000 |       0.000 |      0.000 |       NA    | Unspecified | NA         |
| Vcco18       |       1.800 |     0.000 |       0.000 |      0.000 |       NA    | Unspecified | NA         |
| Vcco15       |       1.500 |     0.008 |       0.001 |      0.007 |       NA    | Unspecified | NA         |
| Vcco135      |       1.350 |     0.000 |       0.000 |      0.000 |       NA    | Unspecified | NA         |
| Vcco12       |       1.200 |     0.439 |       0.422 |      0.017 |       NA    | Unspecified | NA         |
| Vcco11       |       1.100 |     0.000 |       0.000 |      0.000 |       NA    | Unspecified | NA         |
| Vcco10       |       1.000 |     0.000 |       0.000 |      0.000 |       NA    | Unspecified | NA         |
| VCC_PMC      |       0.800 |     0.310 |       0.265 |      0.045 |       NA    | Unspecified | NA         |
| VCCAUX_PMC   |       1.500 |     0.070 |       0.068 |      0.002 |       NA    | Unspecified | NA         |
| VCCAUX_SMON  |       1.500 |     0.003 |       0.000 |      0.003 |       NA    | Unspecified | NA         |
| VCC_PSLP     |       0.800 |     0.299 |       0.208 |      0.091 |       NA    | Unspecified | NA         |
| VCC_PSFP     |       0.800 |     1.016 |       0.863 |      0.153 |       NA    | Unspecified | NA         |
| VGTY_AVCC    |       0.880 |     0.000 |       0.000 |      0.000 |       NA    | Unspecified | NA         |
| VGTY_AVTT    |       1.200 |     0.000 |       0.000 |      0.000 |       NA    | Unspecified | NA         |
| VGTY_AVCCAUX |       1.500 |     0.000 |       0.000 |      0.000 |       NA    | Unspecified | NA         |
+--------------+-------------+-----------+-------------+------------+-------------+-------------+------------+


1.3 Confidence Level
--------------------

+-----------------------------+------------+--------------------------------------------------------+------------------------------------------------------------------------------------------------------------+
| User Input Data             | Confidence | Details                                                | Action                                                                                                     |
+-----------------------------+------------+--------------------------------------------------------+------------------------------------------------------------------------------------------------------------+
| Design implementation state | High       | Design is routed                                       |                                                                                                            |
| Clock nodes activity        | High       | User specified more than 95% of clocks                 |                                                                                                            |
| I/O nodes activity          | Low        | More than 75% of inputs are missing user specification | Provide missing input activity with simulation results or by editing the "By Resource Type -> I/Os" view   |
| Internal nodes activity     | Medium     | User specified less than 25% of internal nodes         | Provide missing internal nodes activity with simulation results or by editing the "By Resource Type" views |
| Device models               | High       | Device models are Production                           |                                                                                                            |
|                             |            |                                                        |                                                                                                            |
| Overall confidence level    | Low        |                                                        |                                                                                                            |
+-----------------------------+------------+--------------------------------------------------------+------------------------------------------------------------------------------------------------------------+


2. Settings
-----------

2.1 Environment
---------------

+------------------+------+
| Ambient Temp (C) | 25.0 |
| ThetaJA (C/W)    | 4.2  |
+------------------+------+


2.2 Clock Constraints
---------------------

+--------------------------+--------------------------------------------------------------------------------+-----------------+
| Clock                    | Domain                                                                         | Constraint (ns) |
+--------------------------+--------------------------------------------------------------------------------+-----------------+
| bank1_clkout0            | mvdrr_i/axi_noc_0/inst/MC0_ddrc/inst/noc_ddr4_phy/inst/bank1_clkout0           |             1.2 |
| bank1_xpll0_fifo_rd_clk  | mvdrr_i/axi_noc_0/inst/MC0_ddrc/inst/noc_ddr4_phy/inst/bank1_xpll0_fifo_rd_clk |             1.2 |
| clk_pl_0                 | mvdrr_i/versal_cips_0/inst/pspmc_0/inst/pl0_ref_clk                            |             3.0 |
| clk_pl_0                 | mvdrr_i/versal_cips_0/inst/pspmc_0/inst/pmc_pl_ref_clk[0]                      |             3.0 |
| clkout1_primitive        | mvdrr_i/clk_wizard_0/inst/clock_primitive_inst/clkout1_primitive               |            10.0 |
| ddr4_dimm1_sma_clk_clk_p | ddr4_dimm1_sma_clk_clk_p                                                       |             5.0 |
| mc_clk_xpll              | mvdrr_i/axi_noc_0/inst/MC0_ddrc/inst/noc_ddr4_phy/inst/mc_clk_xpll             |             1.2 |
| pll_clk_xpll             | mvdrr_i/axi_noc_0/inst/MC0_ddrc/inst/noc_ddr4_phy/inst/pll_clk_xpll            |             0.3 |
| pll_clktoxphy[0]         | mvdrr_i/axi_noc_0/inst/MC0_ddrc/inst/noc_ddr4_phy/inst/pll_clktoxphy[0]        |             0.3 |
| pll_clktoxphy[2]         | mvdrr_i/axi_noc_0/inst/MC0_ddrc/inst/noc_ddr4_phy/inst/pll_clktoxphy[2]        |             0.3 |
+--------------------------+--------------------------------------------------------------------------------+-----------------+


3. Detailed Reports
-------------------

3.1 By Hierarchy
----------------

+-----------------------------+-----------+
| Name                        | Power (W) |
+-----------------------------+-----------+
| mvdrr_wrapper               |     4.350 |
|   mvdrr_i                   |     4.350 |
|     axi_dma_0               |     0.004 |
|       U0                    |     0.004 |
|     axi_noc_0               |     2.302 |
|       inst                  |     2.302 |
|     clk_wizard_0            |     0.115 |
|       inst                  |     0.115 |
|     covariance_estimation_0 |     0.068 |
|       inst                  |     0.068 |
|     mvdr_weights_0          |     0.184 |
|       inst                  |     0.184 |
|     rdbs_kernel_0           |     0.268 |
|       inst                  |     0.268 |
|     smartconnect_0          |     0.007 |
|       inst                  |     0.007 |
|     smartconnect_mem_0      |     0.037 |
|       inst                  |     0.037 |
|     versal_cips_0           |     1.365 |
|       inst                  |     1.365 |
+-----------------------------+-----------+


3.2 By Clock Domain
-------------------

+--------------------------------------------------------------------------------+-----------+-----------------+--------+-------------------------+--------------+----------+----------+-------------+
| Name                                                                           | Power (W) | Frequency (MHz) | Buffer | Clock Buffer Enable (%) | Clock Enable | Fanout   | Sites    | Fanout/Site |
+--------------------------------------------------------------------------------+-----------+-----------------+--------+-------------------------+--------------+----------+----------+-------------+
| mvdrr_i/clk_wizard_0/inst/clock_primitive_inst/BUFG_clkout1_inst               |     0.114 |          100.00 | BUFG   |                  100.00 | Logic 1      |    53501 |     6652 |        8.04 |
| mvdrr_i/versal_cips_0/inst/pspmc_0/inst/buffer_pl_clk_0.PL_CLK_0_BUFG          |     0.053 |          333.30 | BUFG   |                     N/A | None         |        2 |        2 |        1.00 |
| mvdrr_i/axi_noc_0/inst/MC0_ddrc/inst/noc_ddr4_phy/inst/pll_clk_xpll            |     0.001 |         3200.00 | N/A    |                     N/A | None         |        9 |        9 |        1.00 |
| mvdrr_i/axi_noc_0/inst/MC0_ddrc/inst/noc_ddr4_phy/inst/pll_clktoxphy[0]        |     0.001 |         3200.00 | N/A    |                     N/A | None         |        8 |        8 |        1.00 |
| mvdrr_i/axi_noc_0/inst/MC0_ddrc/inst/noc_ddr4_phy/inst/pll_clktoxphy[2]        |    <0.001 |         3200.00 | N/A    |                     N/A | None         |        6 |        6 |        1.00 |
| mvdrr_i/axi_noc_0/inst/MC0_ddrc/inst/noc_ddr4_phy/inst/bank1_xpll0_fifo_rd_clk |    <0.001 |          800.00 | N/A    |                     N/A | None         |       23 |       23 |        1.00 |
| mvdrr_i/axi_noc_0/inst/MC0_ddrc/inst/noc_ddr4_phy/inst/bank1_clkout0           |    <0.001 |          800.00 | N/A    |                     N/A | None         |        2 |        2 |        1.00 |
| mvdrr_i/axi_noc_0/inst/MC0_ddrc/inst/noc_ddr4_phy/inst/mc_clk_xpll             |    <0.001 |          800.00 | N/A    |                     N/A | None         |        1 |        1 |        1.00 |
| ddr4_dimm1_sma_clk_clk_p                                                       |    <0.001 |          200.00 | N/A    |                     N/A | None         |        2 |        2 |        1.00 |
+--------------------------------------------------------------------------------+-----------+-----------------+--------+-------------------------+--------------+----------+----------+-------------+


