Copyright 1986-2022 Xilinx, Inc. All Rights Reserved. Copyright 2022-2025 Advanced Micro Devices, Inc. All Rights Reserved.
---------------------------------------------------------------------------------------------------------------------------------------------------------
| Tool Version : Vivado v.2025.2 (win64) Build 6299465 Fri Nov 14 19:35:11 GMT 2025
| Date         : Sat Jun 27 23:18:13 2026
| Host         : Deepraj running 64-bit major release  (build 9200)
| Command      : report_utilization -file mvdrr_covariance_estimation_0_0_utilization_synth.rpt -pb mvdrr_covariance_estimation_0_0_utilization_synth.pb
| Design       : mvdrr_covariance_estimation_0_0
| Device       : xcvc1902-vsva2197-2MP-e-S
| Speed File   : -2MP
| Design State : Synthesized
---------------------------------------------------------------------------------------------------------------------------------------------------------

Utilization Design Information

Table of Contents
-----------------
1. Netlist Logic
2. BLOCKRAM
3. ARITHMETIC
4. I/O
5. CLOCK
6. NOC Interfaces
7. AI Engines
8. ADVANCED
9. Primitives
10. Black Boxes
11. Instantiated Netlists

1. Netlist Logic
----------------

+----------------------------+------+-------+------------+-----------+-------+
|          Site Type         | Used | Fixed | Prohibited | Available | Util% |
+----------------------------+------+-------+------------+-----------+-------+
| Registers                  | 5020 |     0 |          0 |   1799680 |  0.28 |
|   Register as Flip Flop    | 5020 |     0 |          0 |   1799680 |  0.28 |
|   Register as Latch        |    0 |     0 |          0 |   1799680 |  0.00 |
| CLB LUTs*                  | 6347 |     0 |          0 |    899840 |  0.71 |
|   LUT as Logic             | 4740 |     0 |          0 |    899840 |  0.53 |
|   LUT as Memory            | 1607 |     0 |          0 |    449920 |  0.36 |
|     LUT as Distributed RAM | 1344 |     0 |            |           |       |
|     LUT as Shift Register  |  263 |     0 |            |           |       |
|       Variable Length SRL  |  260 |     0 |            |           |       |
|       Fixed Length SRL     |    3 |     0 |            |           |       |
| LOOKAHEAD8                 |   71 |     0 |          0 |    112480 |  0.06 |
| Unique Control Sets        |  168 |       |          0 |    224960 |  0.07 |
+----------------------------+------+-------+------------+-----------+-------+
* Warning! The Final LUT count, after physical optimizations and full implementation, is typically lower. Run opt_design after synthesis, if not already completed, for a more realistic count.
Warning! LUT value is adjusted to account for LUT combining.
Warning! For any ECO changes, please run place_design if there are unplaced instances
** Note: Available Control Sets calculated as Slices * 2, Review the Control Sets Report for more information regarding control sets.


2. BLOCKRAM
-----------

+--------------------------+------+-------+------------+-----------+-------+
|         Site Type        | Used | Fixed | Prohibited | Available | Util% |
+--------------------------+------+-------+------------+-----------+-------+
| Block RAM Tile           |   22 |     0 |          0 |       967 |  2.28 |
|   RAMB36E5               |    1 |     0 |          0 |       967 |  0.10 |
|   RAMB18E5*              |   42 |     0 |          0 |      1934 |  2.17 |
| Block RAM Imux registers |    0 |     0 |            |           |       |
|   Pipelining             |    0 |       |            |           |       |
| URAM                     |    0 |     0 |          0 |       463 |  0.00 |
| URAM Imux registers      |    0 |     0 |            |           |       |
|   Pipelining             |    0 |       |            |           |       |
+--------------------------+------+-------+------------+-----------+-------+
* Note: Each RAMB18 is counted as 0.5 Block RAM tiles


3. ARITHMETIC
-------------

+--------------------+------+-------+------------+-----------+-------+
|      Site Type     | Used | Fixed | Prohibited | Available | Util% |
+--------------------+------+-------+------------+-----------+-------+
| DSP Slices         |    5 |     0 |          0 |      1968 |  0.25 |
|   DSP58            |    5 |     0 |            |           |       |
|   DSPCPLX          |    0 |     0 |            |           |       |
|   DSPFP32          |    0 |     0 |            |           |       |
|   DSP48E5          |    0 |     0 |            |           |       |
| DSP Imux registers |    0 |     0 |            |           |       |
|   Pipelining       |    0 |       |            |           |       |
+--------------------+------+-------+------------+-----------+-------+


4. I/O
------

+------------+------+-------+------------+-----------+-------+
|  Site Type | Used | Fixed | Prohibited | Available | Util% |
+------------+------+-------+------------+-----------+-------+
| Bonded IOB |    0 |     0 |          0 |       692 |  0.00 |
|   XPIO IOB |    0 |     0 |          0 |       648 |  0.00 |
|   HDIO IOB |    0 |     0 |          0 |        44 |  0.00 |
+------------+------+-------+------------+-----------+-------+
* Note: Refer to report_io for information on MIO pins.


5. CLOCK
--------

+------------------------+------+-------+------------+-----------+-------+
|        Site Type       | Used | Fixed | Prohibited | Available | Util% |
+------------------------+------+-------+------------+-----------+-------+
| BUFGCE_DIV/MBUFGCE_DIV |    0 |     0 |          0 |        40 |  0.00 |
| BUFG_PS/MBUFG_PS       |    0 |     0 |          0 |        12 |  0.00 |
| BUFG_GT/MBUFG_GT       |    0 |     0 |          0 |       168 |  0.00 |
| BUFGCE/MBUFGCE         |    0 |     0 |          0 |       296 |  0.00 |
| BUFGCTRL/MBUFGCTRL*    |    0 |     0 |          0 |        80 |  0.00 |
| BUFG_FABRIC            |    0 |     0 |          0 |       384 |  0.00 |
| DPLL                   |    0 |     0 |          0 |        23 |  0.00 |
| XPLL                   |    0 |     0 |          0 |        24 |  0.00 |
| MMCM                   |    0 |     0 |          0 |        12 |  0.00 |
+------------------------+------+-------+------------+-----------+-------+
* Note: Each used BUFGCTRL/MBUFGCTRL counts as two GLOBAL CLOCK BUFFERs. This table does not include global clocking resources, only buffer cell usage. See the Clock Utilization Report (report_clock_utilization) for detailed accounting of global clocking resource availability.


6. NOC Interfaces
-----------------

+--------------------+------+-------+------------+-----------+-------+
|      Site Type     | Used | Fixed | Prohibited | Available | Util% |
+--------------------+------+-------+------------+-----------+-------+
| NOC Master 512 bit |    0 |     0 |          0 |        28 |  0.00 |
| NOC Slave 512 bit  |    0 |     0 |          0 |        28 |  0.00 |
| NOC Master 128 bit |    0 |     0 |          0 |        26 |  0.00 |
| NOC Slave 128 bit  |    0 |     0 |          0 |        22 |  0.00 |
+--------------------+------+-------+------------+-----------+-------+


7. AI Engines
-------------

+------------+------+-------+------------+-----------+-------+
|  Site Type | Used | Fixed | Prohibited | Available | Util% |
+------------+------+-------+------------+-----------+-------+
| AI Engines |    0 |     0 |          0 |       400 |  0.00 |
| PL Master  |    0 |     0 |          0 |       234 |  0.00 |
| PL Slave   |    0 |     0 |          0 |       312 |  0.00 |
| NOC Master |    0 |     0 |          0 |        16 |  0.00 |
| NOC Slave  |    0 |     0 |          0 |        16 |  0.00 |
+------------+------+-------+------------+-----------+-------+


8. ADVANCED
-----------

+--------------------+------+-------+------------+-----------+-------+
|      Site Type     | Used | Fixed | Prohibited | Available | Util% |
+--------------------+------+-------+------------+-----------+-------+
| CPM_EXT            |    0 |     0 |          0 |         1 |  0.00 |
| CPM_MAIN           |    0 |     0 |          0 |         1 |  0.00 |
| DDRMC              |    0 |     0 |          0 |         4 |  0.00 |
| DDRMC_RIU          |    0 |     0 |          0 |         4 |  0.00 |
| GTYE5_QUAD         |    0 |     0 |          0 |        11 |  0.00 |
| MRMAC              |    0 |     0 |          0 |         4 |  0.00 |
| NPI_NIR            |    0 |     0 |          0 |         1 |  0.00 |
| OBUFDS_GTE5        |    0 |     0 |          0 |        22 |  0.00 |
| OBUFDS_GTE5_ADV    |    0 |     0 |          0 |        22 |  0.00 |
| OBUFTDS_COMP       |    0 |     0 |          0 |       324 |  0.00 |
| PCIE40E5           |    0 |     0 |          0 |         4 |  0.00 |
| PS9                |    0 |     0 |          0 |         1 |  0.00 |
| XPIPE_QUAD         |    0 |     0 |          0 |         4 |  0.00 |
| BLI Registers      |    0 |     0 |          0 |     88264 |  0.00 |
| BLI Imux Registers |    0 |     0 |            |           |       |
|   Pipelining       |    0 |     0 |            |           |       |
| ADVANCED Imux      |    0 |     0 |            |           |       |
+--------------------+------+-------+------------+-----------+-------+


9. Primitives
-------------

+--------------+------+---------------------+
|   Ref Name   | Used | Functional Category |
+--------------+------+---------------------+
| FDRE         | 4940 |            Register |
| LUT5         | 1664 |                 CLB |
| RAMS32       | 1344 |                 CLB |
| LUT6         | 1297 |                 CLB |
| LUT3         | 1176 |                 CLB |
| LUT4         |  524 |                 CLB |
| LUTCY2       |  518 |                 CLB |
| LUTCY1       |  518 |                 CLB |
| SRLC32E      |  191 |                 CLB |
| LUT2         |  154 |                 CLB |
| FDSE         |   80 |            Register |
| SRL16E       |   72 |                 CLB |
| LOOKAHEAD8   |   71 |                 CLB |
| RAMB18E5_INT |   42 |            BLOCKRAM |
| LUT1         |   40 |                 CLB |
| DSP58        |    5 |          Arithmetic |
| RAMB36E5_INT |    1 |            BLOCKRAM |
+--------------+------+---------------------+


10. Black Boxes
---------------

+----------+------+
| Ref Name | Used |
+----------+------+


11. Instantiated Netlists
-------------------------

+----------+------+
| Ref Name | Used |
+----------+------+


